[INFO  - 2017-01-10T23:47:33.410Z] GhostDriver - Main - running on port 33356
[INFO  - 2017-01-10T23:47:34.117Z] Session [287e9ba0-d78f-11e6-a26c-fd71b3064025] - page.settings - {"XSSAuditingEnabled":false,"javascriptCanCloseWindows":true,"javascriptCanOpenWindows":true,"javascriptEnabled":true,"loadImages":true,"localToRemoteUrlAccessEnabled":false,"userAgent":"Mozilla/5.0 (Windows NT 6.2; WOW64) AppleWebKit/538.1 (KHTML, like Gecko) PhantomJS/2.1.1 Safari/538.1","webSecurityEnabled":false}
[INFO  - 2017-01-10T23:47:34.117Z] Session [287e9ba0-d78f-11e6-a26c-fd71b3064025] - page.customHeaders:  - {}
[INFO  - 2017-01-10T23:47:34.118Z] Session [287e9ba0-d78f-11e6-a26c-fd71b3064025] - Session.negotiatedCapabilities - {"browserName":"phantomjs","version":"2.1.1","driverName":"ghostdriver","driverVersion":"1.2.0","platform":"windows-8-32bit","javascriptEnabled":true,"takesScreenshot":true,"handlesAlerts":false,"databaseEnabled":false,"locationContextEnabled":false,"applicationCacheEnabled":false,"browserConnectionEnabled":false,"cssSelectorsEnabled":true,"webStorageEnabled":false,"rotatable":false,"acceptSslCerts":false,"nativeEvents":true,"proxy":{"proxyType":"direct"}}
[INFO  - 2017-01-10T23:47:34.118Z] SessionManagerReqHand - _postNewSessionCommand - New Session Created: 287e9ba0-d78f-11e6-a26c-fd71b3064025
[INFO  - 2017-01-10T23:48:50.035Z] ShutdownReqHand - _handle - About to shutdown
O  - 2017-01-10T23:47:36.988Z] Session [2a34b010-d78f-11e6-8ccc-4fd1eee6a6b7] - page.settings - {"XSSAuditingEnabled":false,"javascriptCanCloseWindows":true,"javascriptCanOpenWindows":true,"javascriptEnabled":true,"loadImages":true,"localToRemoteUrlAccessEnabled":false,"userAgent":"Mozilla/5.0 (Windows NT 6.2; WOW64) AppleWebKit/538.1 (KHTML, like Gecko) PhantomJS/2.1.1 Safari/538.1","webSecurityEnabled":false}
[INFO  - 2017-01-10T23:47:36.989Z] Session [2a34b010-d78f-11e6-8ccc-4fd1eee6a6b7] - page.customHeaders:  - {}
[INFO  - 2017-01-10T23:47:36.989Z] Session [2a34b010-d78f-11e6-8ccc-4fd1eee6a6b7] - Session.negotiatedCapabilities - {"browserName":"phantomjs","version":"2.1.1","driverName":"ghostdriver","driverVersion":"1.2.0","platform":"windows-8-32bit","javascriptEnabled":true,"takesScreenshot":true,"handlesAlerts":false,"databaseEnabled":false,"locationContextEnabled":false,"applicationCacheEnabled":false,"browserConnectionEnabled":false,"cssSelectorsEnabled":true,"webStorageEnabled":false,"rotatable":false,"acceptSslCerts":false,"nativeEvents":true,"proxy":{"proxyType":"direct"}}
[INFO  - 2017-01-10T23:47:36.989Z] SessionManagerReqHand - _postNewSessionCommand - New Session Created: 2a34b010-d78f-11e6-8ccc-4fd1eee6a6b7
[INFO  - 2017-01-10T23:48:51.861Z] ShutdownReqHand - _handle - About to shutdown
O  - 2017-01-10T23:47:39.483Z] Session [2bb22850-d78f-11e6-8ead-97b8f93ae81d] - page.settings - {"XSSAuditingEnabled":false,"javascriptCanCloseWindows":true,"javascriptCanOpenWindows":true,"javascriptEnabled":true,"loadImages":true,"localToRemoteUrlAccessEnabled":false,"userAgent":"Mozilla/5.0 (Windows NT 6.2; WOW64) AppleWebKit/538.1 (KHTML, like Gecko) PhantomJS/2.1.1 Safari/538.1","webSecurityEnabled":false}
[INFO  - 2017-01-10T23:47:39.483Z] Session [2bb22850-d78f-11e6-8ead-97b8f93ae81d] - page.customHeaders:  - {}
[INFO  - 2017-01-10T23:47:39.483Z] Session [2bb22850-d78f-11e6-8ead-97b8f93ae81d] - Session.negotiatedCapabilities - {"browserName":"phantomjs","version":"2.1.1","driverName":"ghostdriver","driverVersion":"1.2.0","platform":"windows-8-32bit","javascriptEnabled":true,"takesScreenshot":true,"handlesAlerts":false,"databaseEnabled":false,"locationContextEnabled":false,"applicationCacheEnabled":false,"browserConnectionEnabled":false,"cssSelectorsEnabled":true,"webStorageEnabled":false,"rotatable":false,"acceptSslCerts":false,"nativeEvents":true,"proxy":{"proxyType":"direct"}}
[INFO  - 2017-01-10T23:47:39.484Z] SessionManagerReqHand - _postNewSessionCommand - New Session Created: 2bb22850-d78f-11e6-8ead-97b8f93ae81d
[INFO  - 2017-01-10T23:48:53.527Z] ShutdownReqHand - _handle - About to shutdown
FO  - 2017-01-10T23:47:43.427Z] Session [2e0b3380-d78f-11e6-ba15-3bc2e597eae1] - page.settings - {"XSSAuditingEnabled":false,"javascriptCanCloseWindows":true,"javascriptCanOpenWindows":true,"javascriptEnabled":true,"loadImages":true,"localToRemoteUrlAccessEnabled":false,"userAgent":"Mozilla/5.0 (Windows NT 6.2; WOW64) AppleWebKit/538.1 (KHTML, like Gecko) PhantomJS/2.1.1 Safari/538.1","webSecurityEnabled":false}
[INFO  - 2017-01-10T23:47:43.427Z] Session [2e0b3380-d78f-11e6-ba15-3bc2e597eae1] - page.customHeaders:  - {}
[INFO  - 2017-01-10T23:47:43.428Z] Session [2e0b3380-d78f-11e6-ba15-3bc2e597eae1] - Session.negotiatedCapabilities - {"browserName":"phantomjs","version":"2.1.1","driverName":"ghostdriver","driverVersion":"1.2.0","platform":"windows-8-32bit","javascriptEnabled":true,"takesScreenshot":true,"handlesAlerts":false,"databaseEnabled":false,"locationContextEnabled":false,"applicationCacheEnabled":false,"browserConnectionEnabled":false,"cssSelectorsEnabled":true,"webStorageEnabled":false,"rotatable":false,"acceptSslCerts":false,"nativeEvents":true,"proxy":{"proxyType":"direct"}}
[INFO  - 2017-01-10T23:47:43.428Z] SessionManagerReqHand - _postNewSessionCommand - New Session Created: 2e0b3380-d78f-11e6-ba15-3bc2e597eae1
[INFO  - 2017-01-10T23:48:55.176Z] ShutdownReqHand - _handle - About to shutdown
O  - 2017-01-10T23:47:46.049Z] Session [2f9bbe90-d78f-11e6-907b-0f532c829b9a] - page.settings - {"XSSAuditingEnabled":false,"javascriptCanCloseWindows":true,"javascriptCanOpenWindows":true,"javascriptEnabled":true,"loadImages":true,"localToRemoteUrlAccessEnabled":false,"userAgent":"Mozilla/5.0 (Windows NT 6.2; WOW64) AppleWebKit/538.1 (KHTML, like Gecko) PhantomJS/2.1.1 Safari/538.1","webSecurityEnabled":false}
[INFO  - 2017-01-10T23:47:46.049Z] Session [2f9bbe90-d78f-11e6-907b-0f532c829b9a] - page.customHeaders:  - {}
[INFO  - 2017-01-10T23:47:46.049Z] Session [2f9bbe90-d78f-11e6-907b-0f532c829b9a] - Session.negotiatedCapabilities - {"browserName":"phantomjs","version":"2.1.1","driverName":"ghostdriver","driverVersion":"1.2.0","platform":"windows-8-32bit","javascriptEnabled":true,"takesScreenshot":true,"handlesAlerts":false,"databaseEnabled":false,"locationContextEnabled":false,"applicationCacheEnabled":false,"browserConnectionEnabled":false,"cssSelectorsEnabled":true,"webStorageEnabled":false,"rotatable":false,"acceptSslCerts":false,"nativeEvents":true,"proxy":{"proxyType":"direct"}}
[INFO  - 2017-01-10T23:47:46.050Z] SessionManagerReqHand - _postNewSessionCommand - New Session Created: 2f9bbe90-d78f-11e6-907b-0f532c829b9a
[INFO  - 2017-01-10T23:48:56.344Z] ShutdownReqHand - _handle - About to shutdown
FO  - 2017-01-10T23:47:48.681Z] Session [312d8220-d78f-11e6-bf7c-d5de31bc7ba5] - page.settings - {"XSSAuditingEnabled":false,"javascriptCanCloseWindows":true,"javascriptCanOpenWindows":true,"javascriptEnabled":true,"loadImages":true,"localToRemoteUrlAccessEnabled":false,"userAgent":"Mozilla/5.0 (Windows NT 6.2; WOW64) AppleWebKit/538.1 (KHTML, like Gecko) PhantomJS/2.1.1 Safari/538.1","webSecurityEnabled":false}
[INFO  - 2017-01-10T23:47:48.681Z] Session [312d8220-d78f-11e6-bf7c-d5de31bc7ba5] - page.customHeaders:  - {}
[INFO  - 2017-01-10T23:47:48.681Z] Session [312d8220-d78f-11e6-bf7c-d5de31bc7ba5] - Session.negotiatedCapabilities - {"browserName":"phantomjs","version":"2.1.1","driverName":"ghostdriver","driverVersion":"1.2.0","platform":"windows-8-32bit","javascriptEnabled":true,"takesScreenshot":true,"handlesAlerts":false,"databaseEnabled":false,"locationContextEnabled":false,"applicationCacheEnabled":false,"browserConnectionEnabled":false,"cssSelectorsEnabled":true,"webStorageEnabled":false,"rotatable":false,"acceptSslCerts":false,"nativeEvents":true,"proxy":{"proxyType":"direct"}}
[INFO  - 2017-01-10T23:47:48.681Z] SessionManagerReqHand - _postNewSessionCommand - New Session Created: 312d8220-d78f-11e6-bf7c-d5de31bc7ba5
[INFO  - 2017-01-10T23:48:57.596Z] ShutdownReqHand - _handle - About to shutdown
FO  - 2017-01-10T23:47:51.204Z] Session [32ade090-d78f-11e6-bac2-0f9e9d8dca75] - page.settings - {"XSSAuditingEnabled":false,"javascriptCanCloseWindows":true,"javascriptCanOpenWindows":true,"javascriptEnabled":true,"loadImages":true,"localToRemoteUrlAccessEnabled":false,"userAgent":"Mozilla/5.0 (Windows NT 6.2; WOW64) AppleWebKit/538.1 (KHTML, like Gecko) PhantomJS/2.1.1 Safari/538.1","webSecurityEnabled":false}
[INFO  - 2017-01-10T23:47:51.205Z] Session [32ade090-d78f-11e6-bac2-0f9e9d8dca75] - page.customHeaders:  - {}
[INFO  - 2017-01-10T23:47:51.205Z] Session [32ade090-d78f-11e6-bac2-0f9e9d8dca75] - Session.negotiatedCapabilities - {"browserName":"phantomjs","version":"2.1.1","driverName":"ghostdriver","driverVersion":"1.2.0","platform":"windows-8-32bit","javascriptEnabled":true,"takesScreenshot":true,"handlesAlerts":false,"databaseEnabled":false,"locationContextEnabled":false,"applicationCacheEnabled":false,"browserConnectionEnabled":false,"cssSelectorsEnabled":true,"webStorageEnabled":false,"rotatable":false,"acceptSslCerts":false,"nativeEvents":true,"proxy":{"proxyType":"direct"}}
[INFO  - 2017-01-10T23:47:51.205Z] SessionManagerReqHand - _postNewSessionCommand - New Session Created: 32ade090-d78f-11e6-bac2-0f9e9d8dca75
[INFO  - 2017-01-10T23:48:59.460Z] ShutdownReqHand - _handle - About to shutdown
FO  - 2017-01-10T23:47:53.124Z] Session [33d39be0-d78f-11e6-8066-cf1f444d3791] - page.settings - {"XSSAuditingEnabled":false,"javascriptCanCloseWindows":true,"javascriptCanOpenWindows":true,"javascriptEnabled":true,"loadImages":true,"localToRemoteUrlAccessEnabled":false,"userAgent":"Mozilla/5.0 (Windows NT 6.2; WOW64) AppleWebKit/538.1 (KHTML, like Gecko) PhantomJS/2.1.1 Safari/538.1","webSecurityEnabled":false}
[INFO  - 2017-01-10T23:47:53.124Z] Session [33d39be0-d78f-11e6-8066-cf1f444d3791] - page.customHeaders:  - {}
[INFO  - 2017-01-10T23:47:53.124Z] Session [33d39be0-d78f-11e6-8066-cf1f444d3791] - Session.negotiatedCapabilities - {"browserName":"phantomjs","version":"2.1.1","driverName":"ghostdriver","driverVersion":"1.2.0","platform":"windows-8-32bit","javascriptEnabled":true,"takesScreenshot":true,"handlesAlerts":false,"databaseEnabled":false,"locationContextEnabled":false,"applicationCacheEnabled":false,"browserConnectionEnabled":false,"cssSelectorsEnabled":true,"webStorageEnabled":false,"rotatable":false,"acceptSslCerts":false,"nativeEvents":true,"proxy":{"proxyType":"direct"}}
[INFO  - 2017-01-10T23:47:53.125Z] SessionManagerReqHand - _postNewSessionCommand - New Session Created: 33d39be0-d78f-11e6-8066-cf1f444d3791
[INFO  - 2017-01-10T23:49:00.710Z] ShutdownReqHand - _handle - About to shutdown
FO  - 2017-01-10T23:47:55.964Z] Session [35845920-d78f-11e6-9cbc-89595a6f6925] - page.settings - {"XSSAuditingEnabled":false,"javascriptCanCloseWindows":true,"javascriptCanOpenWindows":true,"javascriptEnabled":true,"loadImages":true,"localToRemoteUrlAccessEnabled":false,"userAgent":"Mozilla/5.0 (Windows NT 6.2; WOW64) AppleWebKit/538.1 (KHTML, like Gecko) PhantomJS/2.1.1 Safari/538.1","webSecurityEnabled":false}
[INFO  - 2017-01-10T23:47:55.965Z] Session [35845920-d78f-11e6-9cbc-89595a6f6925] - page.customHeaders:  - {}
[INFO  - 2017-01-10T23:47:55.965Z] Session [35845920-d78f-11e6-9cbc-89595a6f6925] - Session.negotiatedCapabilities - {"browserName":"phantomjs","version":"2.1.1","driverName":"ghostdriver","driverVersion":"1.2.0","platform":"windows-8-32bit","javascriptEnabled":true,"takesScreenshot":true,"handlesAlerts":false,"databaseEnabled":false,"locationContextEnabled":false,"applicationCacheEnabled":false,"browserConnectionEnabled":false,"cssSelectorsEnabled":true,"webStorageEnabled":false,"rotatable":false,"acceptSslCerts":false,"nativeEvents":true,"proxy":{"proxyType":"direct"}}
[INFO  - 2017-01-10T23:47:55.965Z] SessionManagerReqHand - _postNewSessionCommand - New Session Created: 35845920-d78f-11e6-9cbc-89595a6f6925
[INFO  - 2017-01-10T23:49:01.866Z] ShutdownReqHand - _handle - About to shutdown
FO  - 2017-01-10T23:47:58.546Z] Session [370ddf50-d78f-11e6-85b9-7d83f81db279] - page.settings - {"XSSAuditingEnabled":false,"javascriptCanCloseWindows":true,"javascriptCanOpenWindows":true,"javascriptEnabled":true,"loadImages":true,"localToRemoteUrlAccessEnabled":false,"userAgent":"Mozilla/5.0 (Windows NT 6.2; WOW64) AppleWebKit/538.1 (KHTML, like Gecko) PhantomJS/2.1.1 Safari/538.1","webSecurityEnabled":false}
[INFO  - 2017-01-10T23:47:58.547Z] Session [370ddf50-d78f-11e6-85b9-7d83f81db279] - page.customHeaders:  - {}
[INFO  - 2017-01-10T23:47:58.547Z] Session [370ddf50-d78f-11e6-85b9-7d83f81db279] - Session.negotiatedCapabilities - {"browserName":"phantomjs","version":"2.1.1","driverName":"ghostdriver","driverVersion":"1.2.0","platform":"windows-8-32bit","javascriptEnabled":true,"takesScreenshot":true,"handlesAlerts":false,"databaseEnabled":false,"locationContextEnabled":false,"applicationCacheEnabled":false,"browserConnectionEnabled":false,"cssSelectorsEnabled":true,"webStorageEnabled":false,"rotatable":false,"acceptSslCerts":false,"nativeEvents":true,"proxy":{"proxyType":"direct"}}
[INFO  - 2017-01-10T23:47:58.547Z] SessionManagerReqHand - _postNewSessionCommand - New Session Created: 370ddf50-d78f-11e6-85b9-7d83f81db279
[INFO  - 2017-01-10T23:49:03.102Z] ShutdownReqHand - _handle - About to shutdown
